<?xml version="1.0" encoding="UTF-8"?>
<testng-results ignored="0" total="5" passed="5" failed="0" skipped="0">
  <reporter-output>
  </reporter-output>
  <suite started-at="2024-10-27T17:20:54 IST" name="APITestSuite" finished-at="2024-10-27T17:21:10 IST" duration-ms="16003">
    <groups>
      <group name="API Tests">
        <method signature="testCase_API_03.TestCase03()[pri:3, instance:qtriptest.APITests.testCase_API_03@3de8f619]" name="TestCase03" class="qtriptest.APITests.testCase_API_03"/>
      </group> <!-- API Tests -->
    </groups>
    <test started-at="2024-10-27T17:20:54 IST" name="APITests" finished-at="2024-10-27T17:21:10 IST" duration-ms="16003">
      <class name="qtriptest.APITests.testCase_API_01">
        <test-method signature="Register()[pri:0, instance:qtriptest.APITests.testCase_API_01@7d900ecf]" started-at="2024-10-27T17:20:55 IST" name="Register" finished-at="2024-10-27T17:20:59 IST" duration-ms="4436" status="PASS">
          <reporter-output>
          </reporter-output>
        </test-method> <!-- Register -->
        <test-method signature="login()[pri:0, instance:qtriptest.APITests.testCase_API_01@7d900ecf]" started-at="2024-10-27T17:20:59 IST" name="login" finished-at="2024-10-27T17:21:01 IST" duration-ms="2198" status="PASS">
          <reporter-output>
          </reporter-output>
        </test-method> <!-- login -->
      </class> <!-- qtriptest.APITests.testCase_API_01 -->
      <class name="qtriptest.APITests.testCase_API_02">
        <test-method signature="VerifySearchCity()[pri:0, instance:qtriptest.APITests.testCase_API_02@710636b0]" started-at="2024-10-27T17:21:01 IST" name="VerifySearchCity" finished-at="2024-10-27T17:21:03 IST" duration-ms="1995" status="PASS">
          <reporter-output>
          </reporter-output>
        </test-method> <!-- VerifySearchCity -->
      </class> <!-- qtriptest.APITests.testCase_API_02 -->
      <class name="qtriptest.APITests.testCase_API_03">
        <test-method signature="TestCase03()[pri:3, instance:qtriptest.APITests.testCase_API_03@3de8f619]" started-at="2024-10-27T17:21:03 IST" name="TestCase03" description="Verify that a reservation can be made using the QTrip API" finished-at="2024-10-27T17:21:08 IST" duration-ms="4823" status="PASS">
          <reporter-output>
          </reporter-output>
        </test-method> <!-- TestCase03 -->
      </class> <!-- qtriptest.APITests.testCase_API_03 -->
      <class name="qtriptest.APITests.testCase_API_04">
        <test-method signature="testUserRegistration()[pri:0, instance:qtriptest.APITests.testCase_API_04@2ab4bc72]" started-at="2024-10-27T17:21:08 IST" name="testUserRegistration" finished-at="2024-10-27T17:21:10 IST" duration-ms="2440" status="PASS">
          <reporter-output>
          </reporter-output>
        </test-method> <!-- testUserRegistration -->
      </class> <!-- qtriptest.APITests.testCase_API_04 -->
    </test> <!-- APITests -->
  </suite> <!-- APITestSuite -->
</testng-results>
